{"/home/raj/Documents/Practice Projects/odin_testing_practice/main.js": {"path":"/home/raj/Documents/Practice Projects/odin_testing_practice/main.js","statementMap":{"0":{"start":{"line":2,"column":4},"end":{"line":2,"column":74}},"1":{"start":{"line":8,"column":4},"end":{"line":8,"column":46}},"2":{"start":{"line":12,"column":26},"end":{"line":38,"column":1}},"3":{"start":{"line":15,"column":8},"end":{"line":15,"column":25}},"4":{"start":{"line":16,"column":8},"end":{"line":16,"column":25}},"5":{"start":{"line":21,"column":7},"end":{"line":21,"column":26}},"6":{"start":{"line":26,"column":8},"end":{"line":26,"column":27}},"7":{"start":{"line":31,"column":8},"end":{"line":31,"column":27}},"8":{"start":{"line":36,"column":8},"end":{"line":36,"column":27}},"9":{"start":{"line":41,"column":17},"end":{"line":41,"column":19}},"10":{"start":{"line":42,"column":4},"end":{"line":54,"column":5}},"11":{"start":{"line":42,"column":17},"end":{"line":42,"column":18}},"12":{"start":{"line":43,"column":16},"end":{"line":43,"column":22}},"13":{"start":{"line":44,"column":19},"end":{"line":44,"column":34}},"14":{"start":{"line":45,"column":8},"end":{"line":53,"column":9}},"15":{"start":{"line":46,"column":26},"end":{"line":46,"column":67}},"16":{"start":{"line":47,"column":12},"end":{"line":47,"column":51}},"17":{"start":{"line":48,"column":15},"end":{"line":53,"column":9}},"18":{"start":{"line":49,"column":26},"end":{"line":49,"column":67}},"19":{"start":{"line":50,"column":12},"end":{"line":50,"column":51}},"20":{"start":{"line":52,"column":12},"end":{"line":52,"column":24}},"21":{"start":{"line":55,"column":4},"end":{"line":55,"column":18}},"22":{"start":{"line":60,"column":14},"end":{"line":60,"column":63}},"23":{"start":{"line":60,"column":44},"end":{"line":60,"column":57}},"24":{"start":{"line":62,"column":19},"end":{"line":67,"column":5}},"25":{"start":{"line":68,"column":4},"end":{"line":68,"column":18}}},"fnMap":{"0":{"name":"capitalize","decl":{"start":{"line":1,"column":16},"end":{"line":1,"column":26}},"loc":{"start":{"line":1,"column":35},"end":{"line":3,"column":1}},"line":1},"1":{"name":"reverseString","decl":{"start":{"line":6,"column":16},"end":{"line":6,"column":29}},"loc":{"start":{"line":7,"column":0},"end":{"line":10,"column":1}},"line":7},"2":{"name":"(anonymous_2)","decl":{"start":{"line":13,"column":4},"end":{"line":13,"column":5}},"loc":{"start":{"line":14,"column":4},"end":{"line":17,"column":5}},"line":14},"3":{"name":"(anonymous_3)","decl":{"start":{"line":19,"column":4},"end":{"line":19,"column":5}},"loc":{"start":{"line":20,"column":4},"end":{"line":22,"column":5}},"line":20},"4":{"name":"(anonymous_4)","decl":{"start":{"line":24,"column":4},"end":{"line":24,"column":5}},"loc":{"start":{"line":25,"column":4},"end":{"line":27,"column":5}},"line":25},"5":{"name":"(anonymous_5)","decl":{"start":{"line":29,"column":4},"end":{"line":29,"column":5}},"loc":{"start":{"line":30,"column":4},"end":{"line":32,"column":5}},"line":30},"6":{"name":"(anonymous_6)","decl":{"start":{"line":34,"column":4},"end":{"line":34,"column":5}},"loc":{"start":{"line":35,"column":4},"end":{"line":37,"column":5}},"line":35},"7":{"name":"caesarCipher","decl":{"start":{"line":40,"column":16},"end":{"line":40,"column":28}},"loc":{"start":{"line":40,"column":41},"end":{"line":56,"column":1}},"line":40},"8":{"name":"analyzeArray","decl":{"start":{"line":58,"column":16},"end":{"line":58,"column":28}},"loc":{"start":{"line":59,"column":0},"end":{"line":69,"column":1}},"line":59},"9":{"name":"(anonymous_9)","decl":{"start":{"line":60,"column":27},"end":{"line":60,"column":28}},"loc":{"start":{"line":60,"column":42},"end":{"line":60,"column":59}},"line":60}},"branchMap":{"0":{"loc":{"start":{"line":45,"column":8},"end":{"line":53,"column":9}},"type":"if","locations":[{"start":{"line":45,"column":8},"end":{"line":53,"column":9}},{"start":{"line":48,"column":15},"end":{"line":53,"column":9}}],"line":45},"1":{"loc":{"start":{"line":45,"column":12},"end":{"line":45,"column":36}},"type":"binary-expr","locations":[{"start":{"line":45,"column":12},"end":{"line":45,"column":22}},{"start":{"line":45,"column":26},"end":{"line":45,"column":36}}],"line":45},"2":{"loc":{"start":{"line":48,"column":15},"end":{"line":53,"column":9}},"type":"if","locations":[{"start":{"line":48,"column":15},"end":{"line":53,"column":9}},{"start":{"line":51,"column":15},"end":{"line":53,"column":9}}],"line":48},"3":{"loc":{"start":{"line":48,"column":19},"end":{"line":48,"column":44}},"type":"binary-expr","locations":[{"start":{"line":48,"column":19},"end":{"line":48,"column":29}},{"start":{"line":48,"column":33},"end":{"line":48,"column":44}}],"line":48}},"s":{"0":1,"1":1,"2":5,"3":0,"4":0,"5":1,"6":1,"7":1,"8":1,"9":1,"10":1,"11":1,"12":5,"13":5,"14":5,"15":1,"16":1,"17":4,"18":4,"19":4,"20":0,"21":1,"22":1,"23":8,"24":1,"25":1},"f":{"0":1,"1":1,"2":0,"3":1,"4":1,"5":1,"6":1,"7":1,"8":1,"9":8},"b":{"0":[1,4],"1":[5,5],"2":[4,0],"3":[4,4]},"_coverageSchema":"1a1c01bbd47fc00a2c39e90264f33305004495a9","hash":"d19576abbf416753147cd11d743d42bbd63f6568"}
}
