TN:
SF:main.js
FN:1,capitalize
FN:6,reverseString
FN:13,(anonymous_2)
FN:19,(anonymous_3)
FN:24,(anonymous_4)
FN:29,(anonymous_5)
FN:34,(anonymous_6)
FN:40,caesarCipher
FN:58,analyzeArray
FN:60,(anonymous_9)
FNF:10
FNH:9
FNDA:1,capitalize
FNDA:1,reverseString
FNDA:0,(anonymous_2)
FNDA:1,(anonymous_3)
FNDA:1,(anonymous_4)
FNDA:1,(anonymous_5)
FNDA:1,(anonymous_6)
FNDA:1,caesarCipher
FNDA:1,analyzeArray
FNDA:8,(anonymous_9)
DA:2,1
DA:8,1
DA:12,5
DA:15,0
DA:16,0
DA:21,1
DA:26,1
DA:31,1
DA:36,1
DA:41,1
DA:42,1
DA:43,5
DA:44,5
DA:45,5
DA:46,1
DA:47,1
DA:48,4
DA:49,4
DA:50,4
DA:52,0
DA:55,1
DA:60,8
DA:62,1
DA:68,1
LF:24
LH:21
BRDA:45,0,0,1
BRDA:45,0,1,4
BRDA:45,1,0,5
BRDA:45,1,1,5
BRDA:48,2,0,4
BRDA:48,2,1,0
BRDA:48,3,0,4
BRDA:48,3,1,4
BRF:8
BRH:7
end_of_record
